E:\Project\MaskedManInQt\MaskedManInQt\Debug\cl.command.1.tlog
E:\Project\MaskedManInQt\MaskedManInQt\Debug\CL.read.1.tlog
E:\Project\MaskedManInQt\MaskedManInQt\Debug\CL.write.1.tlog
E:\Project\MaskedManInQt\MaskedManInQt\Debug\custombuild.command.1.tlog
E:\Project\MaskedManInQt\MaskedManInQt\Debug\custombuild.read.1.tlog
E:\Project\MaskedManInQt\MaskedManInQt\Debug\custombuild.write.1.tlog
E:\PROJECT\MASKEDMANINQT\MASKEDMANINQT\DEBUG\FACEDETECT.OBJ
E:\Project\MaskedManInQt\MaskedManInQt\Debug\link.command.1.tlog
E:\Project\MaskedManInQt\MaskedManInQt\Debug\link.read.1.tlog
E:\Project\MaskedManInQt\MaskedManInQt\Debug\link.write.1.tlog
E:\PROJECT\MASKEDMANINQT\MASKEDMANINQT\DEBUG\MAIN.OBJ
E:\PROJECT\MASKEDMANINQT\MASKEDMANINQT\DEBUG\MASKEDMANINQT.EXE.INTERMEDIATE.MANIFEST
E:\PROJECT\MASKEDMANINQT\MASKEDMANINQT\DEBUG\MASKEDMANINQT.OBJ
E:\Project\MaskedManInQt\MaskedManInQt\Debug\MaskedManInQt.vcxprojResolveAssemblyReference.cache
E:\Project\MaskedManInQt\MaskedManInQt\Debug\MaskedManInQt.write.1.tlog
E:\PROJECT\MASKEDMANINQT\MASKEDMANINQT\DEBUG\MOC_MASKEDMANINQT.OBJ
E:\PROJECT\MASKEDMANINQT\MASKEDMANINQT\DEBUG\MOC_PLAYTHREAD.OBJ
E:\Project\MaskedManInQt\MaskedManInQt\Debug\mt.command.1.tlog
E:\Project\MaskedManInQt\MaskedManInQt\Debug\mt.read.1.tlog
E:\Project\MaskedManInQt\MaskedManInQt\Debug\mt.write.1.tlog
E:\PROJECT\MASKEDMANINQT\MASKEDMANINQT\DEBUG\PLAYTHREAD.OBJ
E:\PROJECT\MASKEDMANINQT\MASKEDMANINQT\DEBUG\QRC_MASKEDMANINQT.OBJ
E:\PROJECT\MASKEDMANINQT\MASKEDMANINQT\DEBUG\VC100.PDB
E:\PROJECT\MASKEDMANINQT\MASKEDMANINQT\GENERATEDFILES\DEBUG\MOC_MASKEDMANINQT.CPP
E:\PROJECT\MASKEDMANINQT\MASKEDMANINQT\GENERATEDFILES\DEBUG\MOC_PLAYTHREAD.CPP
E:\PROJECT\MASKEDMANINQT\MASKEDMANINQT\GENERATEDFILES\QRC_MASKEDMANINQT.CPP
E:\PROJECT\MASKEDMANINQT\MASKEDMANINQT\GENERATEDFILES\UI_MASKEDMANINQT.H
E:\PROJECT\MASKEDMANINQT\WIN32\DEBUG\MASKEDMANINQT.EXE
E:\PROJECT\MASKEDMANINQT\WIN32\DEBUG\MASKEDMANINQT.ILK
E:\PROJECT\MASKEDMANINQT\WIN32\DEBUG\MASKEDMANINQT.PDB
