D:\VS2010PROJECTS\REALTIMEABSTRACT_QT\REALTIMEABSTRACT_QT\DEBUG\ABSTRACTFORM.OBJ
D:\VS2010PROJECTS\REALTIMEABSTRACT_QT\REALTIMEABSTRACT_QT\DEBUG\ABSTRACTPLAYER.OBJ
D:\VS2010PROJECTS\REALTIMEABSTRACT_QT\REALTIMEABSTRACT_QT\DEBUG\ABSTRACTSEARCHFORM.OBJ
D:\vs2010Projects\RealTimeAbstract_Qt\RealTimeAbstract_Qt\Debug\cl.command.1.tlog
D:\vs2010Projects\RealTimeAbstract_Qt\RealTimeAbstract_Qt\Debug\CL.read.1.tlog
D:\vs2010Projects\RealTimeAbstract_Qt\RealTimeAbstract_Qt\Debug\CL.write.1.tlog
D:\vs2010Projects\RealTimeAbstract_Qt\RealTimeAbstract_Qt\Debug\custombuild.command.1.tlog
D:\vs2010Projects\RealTimeAbstract_Qt\RealTimeAbstract_Qt\Debug\custombuild.read.1.tlog
D:\vs2010Projects\RealTimeAbstract_Qt\RealTimeAbstract_Qt\Debug\custombuild.write.1.tlog
D:\VS2010PROJECTS\REALTIMEABSTRACT_QT\REALTIMEABSTRACT_QT\DEBUG\DRAWFORM.OBJ
D:\VS2010PROJECTS\REALTIMEABSTRACT_QT\REALTIMEABSTRACT_QT\DEBUG\EVENTNODE.OBJ
D:\VS2010PROJECTS\REALTIMEABSTRACT_QT\REALTIMEABSTRACT_QT\DEBUG\EVENTNODEOPERATION.OBJ
D:\VS2010PROJECTS\REALTIMEABSTRACT_QT\REALTIMEABSTRACT_QT\DEBUG\FILEOPERATION.OBJ
D:\VS2010PROJECTS\REALTIMEABSTRACT_QT\REALTIMEABSTRACT_QT\DEBUG\GLOBALS.OBJ
D:\vs2010Projects\RealTimeAbstract_Qt\RealTimeAbstract_Qt\Debug\link.command.1.tlog
D:\vs2010Projects\RealTimeAbstract_Qt\RealTimeAbstract_Qt\Debug\link.read.1.tlog
D:\vs2010Projects\RealTimeAbstract_Qt\RealTimeAbstract_Qt\Debug\link.write.1.tlog
D:\VS2010PROJECTS\REALTIMEABSTRACT_QT\REALTIMEABSTRACT_QT\DEBUG\MAIN.OBJ
D:\VS2010PROJECTS\REALTIMEABSTRACT_QT\REALTIMEABSTRACT_QT\DEBUG\MAINWINDOW.OBJ
D:\VS2010PROJECTS\REALTIMEABSTRACT_QT\REALTIMEABSTRACT_QT\DEBUG\MOC_ABSTRACTFORM.OBJ
D:\VS2010PROJECTS\REALTIMEABSTRACT_QT\REALTIMEABSTRACT_QT\DEBUG\MOC_ABSTRACTPLAYER.OBJ
D:\VS2010PROJECTS\REALTIMEABSTRACT_QT\REALTIMEABSTRACT_QT\DEBUG\MOC_ABSTRACTSEARCHFORM.OBJ
D:\VS2010PROJECTS\REALTIMEABSTRACT_QT\REALTIMEABSTRACT_QT\DEBUG\MOC_DRAWFORM.OBJ
D:\VS2010PROJECTS\REALTIMEABSTRACT_QT\REALTIMEABSTRACT_QT\DEBUG\MOC_MAINWINDOW.OBJ
D:\VS2010PROJECTS\REALTIMEABSTRACT_QT\REALTIMEABSTRACT_QT\DEBUG\MOC_PLAYTHREAD.OBJ
D:\VS2010PROJECTS\REALTIMEABSTRACT_QT\REALTIMEABSTRACT_QT\DEBUG\MOC_REALTIMESETTING.OBJ
D:\VS2010PROJECTS\REALTIMEABSTRACT_QT\REALTIMEABSTRACT_QT\DEBUG\MOC_REALTIMETHREAD.OBJ
D:\VS2010PROJECTS\REALTIMEABSTRACT_QT\REALTIMEABSTRACT_QT\DEBUG\MOC_SETTING_WIDGET.OBJ
D:\VS2010PROJECTS\REALTIMEABSTRACT_QT\REALTIMEABSTRACT_QT\DEBUG\MOC_VIDEOABSTRACT_QTVER.OBJ
D:\VS2010PROJECTS\REALTIMEABSTRACT_QT\REALTIMEABSTRACT_QT\DEBUG\MOC_VIDEOANALYZE.OBJ
D:\vs2010Projects\RealTimeAbstract_Qt\RealTimeAbstract_Qt\Debug\mt.command.1.tlog
D:\vs2010Projects\RealTimeAbstract_Qt\RealTimeAbstract_Qt\Debug\mt.read.1.tlog
D:\vs2010Projects\RealTimeAbstract_Qt\RealTimeAbstract_Qt\Debug\mt.write.1.tlog
D:\VS2010PROJECTS\REALTIMEABSTRACT_QT\REALTIMEABSTRACT_QT\DEBUG\PLAYTHREAD.OBJ
D:\VS2010PROJECTS\REALTIMEABSTRACT_QT\REALTIMEABSTRACT_QT\DEBUG\QRC_MAINWINDOW.OBJ
D:\VS2010PROJECTS\REALTIMEABSTRACT_QT\REALTIMEABSTRACT_QT\DEBUG\REALTIMEABSTRACT_QT.EXE.INTERMEDIATE.MANIFEST
D:\VS2010PROJECTS\REALTIMEABSTRACT_QT\REALTIMEABSTRACT_QT\DEBUG\REALTIMESETTING.OBJ
D:\VS2010PROJECTS\REALTIMEABSTRACT_QT\REALTIMEABSTRACT_QT\DEBUG\REALTIMETHREAD.OBJ
D:\VS2010PROJECTS\REALTIMEABSTRACT_QT\REALTIMEABSTRACT_QT\DEBUG\SETTING_WIDGET.OBJ
D:\VS2010PROJECTS\REALTIMEABSTRACT_QT\REALTIMEABSTRACT_QT\DEBUG\VC100.PDB
D:\VS2010PROJECTS\REALTIMEABSTRACT_QT\REALTIMEABSTRACT_QT\DEBUG\VIDEOABSTRACT_QTVER.OBJ
D:\VS2010PROJECTS\REALTIMEABSTRACT_QT\REALTIMEABSTRACT_QT\DEBUG\VIDEOANALYZE.OBJ
D:\VS2010PROJECTS\REALTIMEABSTRACT_QT\REALTIMEABSTRACT_QT\GENERATEDFILES\DEBUG\MOC_ABSTRACTFORM.CPP
D:\VS2010PROJECTS\REALTIMEABSTRACT_QT\REALTIMEABSTRACT_QT\GENERATEDFILES\DEBUG\MOC_ABSTRACTPLAYER.CPP
D:\VS2010PROJECTS\REALTIMEABSTRACT_QT\REALTIMEABSTRACT_QT\GENERATEDFILES\DEBUG\MOC_ABSTRACTSEARCHFORM.CPP
D:\VS2010PROJECTS\REALTIMEABSTRACT_QT\REALTIMEABSTRACT_QT\GENERATEDFILES\DEBUG\MOC_DRAWFORM.CPP
D:\VS2010PROJECTS\REALTIMEABSTRACT_QT\REALTIMEABSTRACT_QT\GENERATEDFILES\DEBUG\MOC_MAINWINDOW.CPP
D:\VS2010PROJECTS\REALTIMEABSTRACT_QT\REALTIMEABSTRACT_QT\GENERATEDFILES\DEBUG\MOC_PLAYTHREAD.CPP
D:\VS2010PROJECTS\REALTIMEABSTRACT_QT\REALTIMEABSTRACT_QT\GENERATEDFILES\DEBUG\MOC_REALTIMESETTING.CPP
D:\VS2010PROJECTS\REALTIMEABSTRACT_QT\REALTIMEABSTRACT_QT\GENERATEDFILES\DEBUG\MOC_REALTIMETHREAD.CPP
D:\VS2010PROJECTS\REALTIMEABSTRACT_QT\REALTIMEABSTRACT_QT\GENERATEDFILES\DEBUG\MOC_SETTING_WIDGET.CPP
D:\VS2010PROJECTS\REALTIMEABSTRACT_QT\REALTIMEABSTRACT_QT\GENERATEDFILES\DEBUG\MOC_VIDEOABSTRACT_QTVER.CPP
D:\VS2010PROJECTS\REALTIMEABSTRACT_QT\REALTIMEABSTRACT_QT\GENERATEDFILES\DEBUG\MOC_VIDEOANALYZE.CPP
D:\VS2010PROJECTS\REALTIMEABSTRACT_QT\REALTIMEABSTRACT_QT\GENERATEDFILES\QRC_MAINWINDOW.CPP
D:\VS2010PROJECTS\REALTIMEABSTRACT_QT\REALTIMEABSTRACT_QT\GENERATEDFILES\UI_ABSTRACT.H
D:\VS2010PROJECTS\REALTIMEABSTRACT_QT\REALTIMEABSTRACT_QT\GENERATEDFILES\UI_ABSTRACTSEARCHFORM.H
D:\VS2010PROJECTS\REALTIMEABSTRACT_QT\REALTIMEABSTRACT_QT\GENERATEDFILES\UI_DRAWFORM.H
D:\VS2010PROJECTS\REALTIMEABSTRACT_QT\REALTIMEABSTRACT_QT\GENERATEDFILES\UI_MAINWINDOW.H
D:\VS2010PROJECTS\REALTIMEABSTRACT_QT\REALTIMEABSTRACT_QT\GENERATEDFILES\UI_PLAYFORM.H
D:\VS2010PROJECTS\REALTIMEABSTRACT_QT\REALTIMEABSTRACT_QT\GENERATEDFILES\UI_REALTIMESETTING.H
D:\VS2010PROJECTS\REALTIMEABSTRACT_QT\REALTIMEABSTRACT_QT\GENERATEDFILES\UI_SETTING.H
D:\VS2010PROJECTS\REALTIMEABSTRACT_QT\REALTIMEABSTRACT_QT\GENERATEDFILES\UI_VIDEOABSTRACT_QTVER.H
D:\VS2010PROJECTS\REALTIMEABSTRACT_QT\WIN32\DEBUG\REALTIMEABSTRACT_QT.EXE
D:\VS2010PROJECTS\REALTIMEABSTRACT_QT\WIN32\DEBUG\REALTIMEABSTRACT_QT.ILK
D:\VS2010PROJECTS\REALTIMEABSTRACT_QT\WIN32\DEBUG\REALTIMEABSTRACT_QT.PDB
