D:\VS2010PROJECTS\REALTIMEABSTRACT_QT\REALTIMEABSTRACT_QT\GENERATEDFILES\QRC_MAINWINDOW.CPP
D:\VS2010PROJECTS\REALTIMEABSTRACT_QT\REALTIMEABSTRACT_QT\GENERATEDFILES\RELEASE\MOC_ABSTRACTFORM.CPP
D:\VS2010PROJECTS\REALTIMEABSTRACT_QT\REALTIMEABSTRACT_QT\GENERATEDFILES\RELEASE\MOC_ABSTRACTPLAYER.CPP
D:\VS2010PROJECTS\REALTIMEABSTRACT_QT\REALTIMEABSTRACT_QT\GENERATEDFILES\RELEASE\MOC_ABSTRACTSEARCHFORM.CPP
D:\VS2010PROJECTS\REALTIMEABSTRACT_QT\REALTIMEABSTRACT_QT\GENERATEDFILES\RELEASE\MOC_DRAWFORM.CPP
D:\VS2010PROJECTS\REALTIMEABSTRACT_QT\REALTIMEABSTRACT_QT\GENERATEDFILES\RELEASE\MOC_MAINWINDOW.CPP
D:\VS2010PROJECTS\REALTIMEABSTRACT_QT\REALTIMEABSTRACT_QT\GENERATEDFILES\RELEASE\MOC_PLAYTHREAD.CPP
D:\VS2010PROJECTS\REALTIMEABSTRACT_QT\REALTIMEABSTRACT_QT\GENERATEDFILES\RELEASE\MOC_REALTIMESETTING.CPP
D:\VS2010PROJECTS\REALTIMEABSTRACT_QT\REALTIMEABSTRACT_QT\GENERATEDFILES\RELEASE\MOC_REALTIMETHREAD.CPP
D:\VS2010PROJECTS\REALTIMEABSTRACT_QT\REALTIMEABSTRACT_QT\GENERATEDFILES\RELEASE\MOC_SETTING_WIDGET.CPP
D:\VS2010PROJECTS\REALTIMEABSTRACT_QT\REALTIMEABSTRACT_QT\GENERATEDFILES\RELEASE\MOC_VIDEOABSTRACT_QTVER.CPP
D:\VS2010PROJECTS\REALTIMEABSTRACT_QT\REALTIMEABSTRACT_QT\GENERATEDFILES\RELEASE\MOC_VIDEOANALYZE.CPP
D:\VS2010PROJECTS\REALTIMEABSTRACT_QT\REALTIMEABSTRACT_QT\GENERATEDFILES\UI_ABSTRACT.H
D:\VS2010PROJECTS\REALTIMEABSTRACT_QT\REALTIMEABSTRACT_QT\GENERATEDFILES\UI_ABSTRACTSEARCHFORM.H
D:\VS2010PROJECTS\REALTIMEABSTRACT_QT\REALTIMEABSTRACT_QT\GENERATEDFILES\UI_DRAWFORM.H
D:\VS2010PROJECTS\REALTIMEABSTRACT_QT\REALTIMEABSTRACT_QT\GENERATEDFILES\UI_MAINWINDOW.H
D:\VS2010PROJECTS\REALTIMEABSTRACT_QT\REALTIMEABSTRACT_QT\GENERATEDFILES\UI_PLAYFORM.H
D:\VS2010PROJECTS\REALTIMEABSTRACT_QT\REALTIMEABSTRACT_QT\GENERATEDFILES\UI_REALTIMESETTING.H
D:\VS2010PROJECTS\REALTIMEABSTRACT_QT\REALTIMEABSTRACT_QT\GENERATEDFILES\UI_SETTING.H
D:\VS2010PROJECTS\REALTIMEABSTRACT_QT\REALTIMEABSTRACT_QT\GENERATEDFILES\UI_VIDEOABSTRACT_QTVER.H
D:\VS2010PROJECTS\REALTIMEABSTRACT_QT\REALTIMEABSTRACT_QT\RELEASE\ABSTRACTFORM.OBJ
D:\VS2010PROJECTS\REALTIMEABSTRACT_QT\REALTIMEABSTRACT_QT\RELEASE\ABSTRACTPLAYER.OBJ
D:\VS2010PROJECTS\REALTIMEABSTRACT_QT\REALTIMEABSTRACT_QT\RELEASE\ABSTRACTSEARCHFORM.OBJ
D:\vs2010Projects\RealTimeAbstract_Qt\RealTimeAbstract_Qt\Release\cl.command.1.tlog
D:\vs2010Projects\RealTimeAbstract_Qt\RealTimeAbstract_Qt\Release\CL.read.1.tlog
D:\vs2010Projects\RealTimeAbstract_Qt\RealTimeAbstract_Qt\Release\CL.write.1.tlog
D:\vs2010Projects\RealTimeAbstract_Qt\RealTimeAbstract_Qt\Release\custombuild.command.1.tlog
D:\vs2010Projects\RealTimeAbstract_Qt\RealTimeAbstract_Qt\Release\custombuild.read.1.tlog
D:\vs2010Projects\RealTimeAbstract_Qt\RealTimeAbstract_Qt\Release\custombuild.write.1.tlog
D:\VS2010PROJECTS\REALTIMEABSTRACT_QT\REALTIMEABSTRACT_QT\RELEASE\DRAWFORM.OBJ
D:\VS2010PROJECTS\REALTIMEABSTRACT_QT\REALTIMEABSTRACT_QT\RELEASE\EVENTNODE.OBJ
D:\VS2010PROJECTS\REALTIMEABSTRACT_QT\REALTIMEABSTRACT_QT\RELEASE\EVENTNODEOPERATION.OBJ
D:\VS2010PROJECTS\REALTIMEABSTRACT_QT\REALTIMEABSTRACT_QT\RELEASE\FILEOPERATION.OBJ
D:\VS2010PROJECTS\REALTIMEABSTRACT_QT\REALTIMEABSTRACT_QT\RELEASE\GLOBALS.OBJ
D:\vs2010Projects\RealTimeAbstract_Qt\RealTimeAbstract_Qt\Release\link.command.1.tlog
D:\vs2010Projects\RealTimeAbstract_Qt\RealTimeAbstract_Qt\Release\link.read.1.tlog
D:\vs2010Projects\RealTimeAbstract_Qt\RealTimeAbstract_Qt\Release\link.write.1.tlog
D:\VS2010PROJECTS\REALTIMEABSTRACT_QT\REALTIMEABSTRACT_QT\RELEASE\MAIN.OBJ
D:\VS2010PROJECTS\REALTIMEABSTRACT_QT\REALTIMEABSTRACT_QT\RELEASE\MAINWINDOW.OBJ
D:\VS2010PROJECTS\REALTIMEABSTRACT_QT\REALTIMEABSTRACT_QT\RELEASE\MOC_ABSTRACTFORM.OBJ
D:\VS2010PROJECTS\REALTIMEABSTRACT_QT\REALTIMEABSTRACT_QT\RELEASE\MOC_ABSTRACTPLAYER.OBJ
D:\VS2010PROJECTS\REALTIMEABSTRACT_QT\REALTIMEABSTRACT_QT\RELEASE\MOC_ABSTRACTSEARCHFORM.OBJ
D:\VS2010PROJECTS\REALTIMEABSTRACT_QT\REALTIMEABSTRACT_QT\RELEASE\MOC_DRAWFORM.OBJ
D:\VS2010PROJECTS\REALTIMEABSTRACT_QT\REALTIMEABSTRACT_QT\RELEASE\MOC_MAINWINDOW.OBJ
D:\VS2010PROJECTS\REALTIMEABSTRACT_QT\REALTIMEABSTRACT_QT\RELEASE\MOC_PLAYTHREAD.OBJ
D:\VS2010PROJECTS\REALTIMEABSTRACT_QT\REALTIMEABSTRACT_QT\RELEASE\MOC_REALTIMESETTING.OBJ
D:\VS2010PROJECTS\REALTIMEABSTRACT_QT\REALTIMEABSTRACT_QT\RELEASE\MOC_REALTIMETHREAD.OBJ
D:\VS2010PROJECTS\REALTIMEABSTRACT_QT\REALTIMEABSTRACT_QT\RELEASE\MOC_SETTING_WIDGET.OBJ
D:\VS2010PROJECTS\REALTIMEABSTRACT_QT\REALTIMEABSTRACT_QT\RELEASE\MOC_VIDEOABSTRACT_QTVER.OBJ
D:\VS2010PROJECTS\REALTIMEABSTRACT_QT\REALTIMEABSTRACT_QT\RELEASE\MOC_VIDEOANALYZE.OBJ
D:\vs2010Projects\RealTimeAbstract_Qt\RealTimeAbstract_Qt\Release\mt.command.1.tlog
D:\vs2010Projects\RealTimeAbstract_Qt\RealTimeAbstract_Qt\Release\mt.read.1.tlog
D:\vs2010Projects\RealTimeAbstract_Qt\RealTimeAbstract_Qt\Release\mt.write.1.tlog
D:\VS2010PROJECTS\REALTIMEABSTRACT_QT\REALTIMEABSTRACT_QT\RELEASE\PLAYTHREAD.OBJ
D:\VS2010PROJECTS\REALTIMEABSTRACT_QT\REALTIMEABSTRACT_QT\RELEASE\QRC_MAINWINDOW.OBJ
D:\VS2010PROJECTS\REALTIMEABSTRACT_QT\REALTIMEABSTRACT_QT\RELEASE\REALTIMEABSTRACT_QT.EXE.INTERMEDIATE.MANIFEST
D:\VS2010PROJECTS\REALTIMEABSTRACT_QT\REALTIMEABSTRACT_QT\RELEASE\REALTIMESETTING.OBJ
D:\VS2010PROJECTS\REALTIMEABSTRACT_QT\REALTIMEABSTRACT_QT\RELEASE\REALTIMETHREAD.OBJ
D:\VS2010PROJECTS\REALTIMEABSTRACT_QT\REALTIMEABSTRACT_QT\RELEASE\SETTING_WIDGET.OBJ
D:\VS2010PROJECTS\REALTIMEABSTRACT_QT\REALTIMEABSTRACT_QT\RELEASE\VIDEOABSTRACT_QTVER.OBJ
D:\VS2010PROJECTS\REALTIMEABSTRACT_QT\REALTIMEABSTRACT_QT\RELEASE\VIDEOANALYZE.OBJ
D:\VS2010PROJECTS\REALTIMEABSTRACT_QT\WIN32\RELEASE\REALTIMEABSTRACT_QT.EXE
