E:\PROJECT\MASKEDMANINQT\MASKEDMANINQT\GENERATEDFILES\QRC_MASKEDMANINQT.CPP
E:\PROJECT\MASKEDMANINQT\MASKEDMANINQT\GENERATEDFILES\RELEASE\MOC_MASKEDMANINQT.CPP
E:\PROJECT\MASKEDMANINQT\MASKEDMANINQT\GENERATEDFILES\RELEASE\MOC_PLAYTHREAD.CPP
E:\PROJECT\MASKEDMANINQT\MASKEDMANINQT\GENERATEDFILES\UI_MASKEDMANINQT.H
E:\Project\MaskedManInQt\MaskedManInQt\Release\cl.command.1.tlog
E:\Project\MaskedManInQt\MaskedManInQt\Release\CL.read.1.tlog
E:\Project\MaskedManInQt\MaskedManInQt\Release\CL.write.1.tlog
E:\Project\MaskedManInQt\MaskedManInQt\Release\custombuild.command.1.tlog
E:\Project\MaskedManInQt\MaskedManInQt\Release\custombuild.read.1.tlog
E:\Project\MaskedManInQt\MaskedManInQt\Release\custombuild.write.1.tlog
E:\Project\MaskedManInQt\MaskedManInQt\Release\link.command.1.tlog
E:\Project\MaskedManInQt\MaskedManInQt\Release\link.read.1.tlog
E:\Project\MaskedManInQt\MaskedManInQt\Release\link.write.1.tlog
E:\PROJECT\MASKEDMANINQT\MASKEDMANINQT\RELEASE\MAIN.OBJ
E:\PROJECT\MASKEDMANINQT\MASKEDMANINQT\RELEASE\MASKEDMANINQT.EXE.INTERMEDIATE.MANIFEST
E:\PROJECT\MASKEDMANINQT\MASKEDMANINQT\RELEASE\MASKEDMANINQT.OBJ
E:\Project\MaskedManInQt\MaskedManInQt\Release\MaskedManInQt.vcxprojResolveAssemblyReference.cache
E:\Project\MaskedManInQt\MaskedManInQt\Release\MaskedManInQt.write.1.tlog
E:\PROJECT\MASKEDMANINQT\MASKEDMANINQT\RELEASE\MOC_MASKEDMANINQT.OBJ
E:\PROJECT\MASKEDMANINQT\MASKEDMANINQT\RELEASE\MOC_PLAYTHREAD.OBJ
E:\Project\MaskedManInQt\MaskedManInQt\Release\mt.command.1.tlog
E:\Project\MaskedManInQt\MaskedManInQt\Release\mt.read.1.tlog
E:\Project\MaskedManInQt\MaskedManInQt\Release\mt.write.1.tlog
E:\PROJECT\MASKEDMANINQT\MASKEDMANINQT\RELEASE\PLAYTHREAD.OBJ
E:\PROJECT\MASKEDMANINQT\MASKEDMANINQT\RELEASE\QRC_MASKEDMANINQT.OBJ
E:\PROJECT\MASKEDMANINQT\WIN32\RELEASE\MASKEDMANINQT.EXE
E:\PROJECT\MASKEDMANINQT\WIN32\RELEASE\MASKEDMANINQT.PDB
