生成启动时间为 2014/10/11 11:27:54。
     1>项目“E:\Project\MaskedManInQt\MaskedManInQt\MaskedManInQt.vcxproj”在节点 2 上(build 个目标)。
     1>InitializeBuildStatus:
         正在创建“Release\MaskedManInQt.unsuccessfulbuild”，因为已指定“AlwaysCreate”。
       CustomBuild:
         所有输出均为最新。
       ClCompile:
         所有输出均为最新。
         所有输出均为最新。
       Link:
         所有输出均为最新。
         D:\Program Files (x86)\Microsoft Visual Studio 10.0\VC\bin\link.exe /ERRORREPORT:PROMPT /OUT:"E:\Project\MaskedManInQt\Win32\Release\\MaskedManInQt.exe" /NOLOGO /LIBPATH:D:\Qt\4.8.2\lib opencv_calib3d246.lib opencv_contrib246.lib opencv_core246.lib opencv_features2d246.lib opencv_flann246.lib opencv_gpu246.lib opencv_highgui246.lib opencv_imgproc246.lib opencv_legacy246.lib opencv_ml246.lib opencv_nonfree246.lib opencv_objdetect246.lib opencv_ocl246.lib opencv_photo246.lib opencv_stitching246.lib opencv_superres246.lib opencv_ts246.lib opencv_video246.lib opencv_videostab246.lib qtmain.lib QtCore4.lib QtGui4.lib kernel32.lib user32.lib gdi32.lib winspool.lib comdlg32.lib advapi32.lib shell32.lib ole32.lib oleaut32.lib uuid.lib odbc32.lib odbccp32.lib /MANIFEST /ManifestFile:"Release\MaskedManInQt.exe.intermediate.manifest" /MANIFESTUAC:"level='asInvoker' uiAccess='false'" /DEBUG /PDB:"E:\Project\MaskedManInQt\Win32\Release\MaskedManInQt.pdb" /SUBSYSTEM:WINDOWS /TLBID:1 /DYNAMICBASE /NXCOMPAT /IMPLIB:"E:\Project\MaskedManInQt\Win32\Release\MaskedManInQt.lib" /MACHINE:X86 /PROFILE Release\qrc_maskedmaninqt.obj
         Release\moc_maskedmaninqt.obj
         Release\moc_playThread.obj
         Release\main.obj
         Release\maskedmaninqt.obj
         Release\playThread.obj
         MaskedManInQt.vcxproj -> E:\Project\MaskedManInQt\Win32\Release\MaskedManInQt.exe
       Manifest:
         C:\Program Files (x86)\Microsoft SDKs\Windows\v7.0A\bin\mt.exe /nologo /verbose /outputresource:"E:\Project\MaskedManInQt\Win32\Release\\MaskedManInQt.exe;#1" /manifest Release\MaskedManInQt.exe.intermediate.manifest
       FinalizeBuildStatus:
         正在删除文件“Release\MaskedManInQt.unsuccessfulbuild”。
         正在对“Release\MaskedManInQt.lastbuildstate”执行 Touch 任务。
     1>已完成生成项目“E:\Project\MaskedManInQt\MaskedManInQt\MaskedManInQt.vcxproj”(build 个目标)的操作。

生成成功。

已用时间 00:00:02.77
